build/outputs/logs/manifest-merger-debug-report.txt
-- Merging decision tree log ---
manifest
ADDED from src/main/AndroidManifest.xml:2:1-90:12
INJECTED from src/main/AndroidManifest.xml:2:1-90:12
INJECTED from src/main/AndroidManifest.xml:2:1-90:12
INJECTED from src/main/AndroidManifest.xml:2:1-90:12
MERGED from [com.android.support:support-v4:27.1.1] AndroidManifest.xml:17:1-22:12
MERGED from [com.android.support:support-media-compat:27.1.1] AndroidManifest.xml:17:1-22:12
MERGED from [com.android.support:support-fragment:27.1.1] AndroidManifest.xml:17:1-22:12
MERGED from [com.android.support:support-core-ui:27.1.1] AndroidManifest.xml:17:1-22:12
MERGED from [com.android.support:support-core-utils:27.1.1] AndroidManifest.xml:17:1-22:12
MERGED from [com.android.support:support-compat:27.1.1] AndroidManifest.xml:17:1-22:12
MERGED from [android.arch.lifecycle:runtime:1.1.0] AndroidManifest.xml:17:1-22:12
MERGED from [android.arch.lifecycle:livedata-core:1.1.0] AndroidManifest.xml:17:1-22:12
MERGED from [android.arch.lifecycle:viewmodel:1.1.0] AndroidManifest.xml:17:1-22:12
MERGED from [android.arch.core:runtime:1.1.0] AndroidManifest.xml:17:1-22:12
INJECTED from src/main/AndroidManifest.xml:2:1-90:12
INJECTED from src/main/AndroidManifest.xml:2:1-90:12
INJECTED from src/main/AndroidManifest.xml:2:1-90:12
	package
		ADDED from src/main/AndroidManifest.xml:3:5-43
		INJECTED from src/main/AndroidManifest.xml
		INJECTED from src/main/AndroidManifest.xml
	android:versionName
		ADDED from src/main/AndroidManifest.xml:5:5-30
		INJECTED from src/main/AndroidManifest.xml
		INJECTED from src/main/AndroidManifest.xml
	xmlns:android
		ADDED from src/main/AndroidManifest.xml:2:11-69
	android:versionCode
		ADDED from src/main/AndroidManifest.xml:4:5-28
		INJECTED from src/main/AndroidManifest.xml
		INJECTED from src/main/AndroidManifest.xml
uses-permission#android.permission.GET_ACCOUNTS
ADDED from src/main/AndroidManifest.xml:8:5-71
	android:name
		ADDED from src/main/AndroidManifest.xml:8:22-68
uses-permission#android.permission.READ_PROFILE
ADDED from src/main/AndroidManifest.xml:9:5-71
	android:name
		ADDED from src/main/AndroidManifest.xml:9:22-68
uses-permission#android.permission.READ_CONTACTS
ADDED from src/main/AndroidManifest.xml:10:5-72
	android:name
		ADDED from src/main/AndroidManifest.xml:10:22-69
uses-permission#android.permission.BLUETOOTH
ADDED from src/main/AndroidManifest.xml:11:5-68
	android:name
		ADDED from src/main/AndroidManifest.xml:11:22-65
uses-permission#android.permission.BLUETOOTH_ADMIN
ADDED from src/main/AndroidManifest.xml:12:5-74
	android:name
		ADDED from src/main/AndroidManifest.xml:12:22-71
uses-permission#android.permission.INTERNET
ADDED from src/main/AndroidManifest.xml:13:5-67
	android:name
		ADDED from src/main/AndroidManifest.xml:13:22-64
uses-permission#android.permission.READ_EXTERNAL_STORAGE
ADDED from src/main/AndroidManifest.xml:14:5-80
	android:name
		ADDED from src/main/AndroidManifest.xml:14:22-77
uses-permission#android.permission.WAKE_LOCK
ADDED from src/main/AndroidManifest.xml:16:5-68
	android:name
		ADDED from src/main/AndroidManifest.xml:16:22-65
uses-permission#android.permission.ACCESS_NETWORK_STATE
ADDED from src/main/AndroidManifest.xml:17:5-79
	android:name
		ADDED from src/main/AndroidManifest.xml:17:22-76
uses-permission#android.permission.ACCESS_COARSE_LOCATION
ADDED from src/main/AndroidManifest.xml:18:5-81
	android:name
		ADDED from src/main/AndroidManifest.xml:18:22-78
uses-permission#android.permission.ACCESS_FINE_LOCATION
ADDED from src/main/AndroidManifest.xml:19:5-79
	android:name
		ADDED from src/main/AndroidManifest.xml:19:22-76
uses-feature#android.hardware.bluetooth_le
ADDED from src/main/AndroidManifest.xml:21:5-23:35
	android:required
		ADDED from src/main/AndroidManifest.xml:23:9-32
	android:name
		ADDED from src/main/AndroidManifest.xml:22:9-53
application
ADDED from src/main/AndroidManifest.xml:25:5-88:19
	android:label
		ADDED from src/main/AndroidManifest.xml:28:9-41
	android:icon
		ADDED from src/main/AndroidManifest.xml:30:9-41
	android:allowBackup
		ADDED from src/main/AndroidManifest.xml:27:9-36
	android:theme
		ADDED from src/main/AndroidManifest.xml:29:9-56
	android:name
		ADDED from src/main/AndroidManifest.xml:26:9-50
activity#com.example.ti.Login.LoginActivity
ADDED from src/main/AndroidManifest.xml:31:9-42:20
	android:screenOrientation
		ADDED from src/main/AndroidManifest.xml:34:13-49
	android:label
		ADDED from src/main/AndroidManifest.xml:33:13-39
	android:name
		ADDED from src/main/AndroidManifest.xml:32:13-62
intent-filter#action:name:android.intent.action.MAIN+category:name:android.intent.category.DEFAULT+category:name:android.intent.category.LAUNCHER
ADDED from src/main/AndroidManifest.xml:35:13-40:29
action#android.intent.action.MAIN
ADDED from src/main/AndroidManifest.xml:36:17-69
	android:name
		ADDED from src/main/AndroidManifest.xml:36:25-66
category#android.intent.category.DEFAULT
ADDED from src/main/AndroidManifest.xml:38:17-76
	android:name
		ADDED from src/main/AndroidManifest.xml:38:27-73
category#android.intent.category.LAUNCHER
ADDED from src/main/AndroidManifest.xml:39:17-77
	android:name
		ADDED from src/main/AndroidManifest.xml:39:27-74
service#com.example.ti.ble.common.BluetoothLeService
ADDED from src/main/AndroidManifest.xml:44:9-46:38
	android:enabled
		ADDED from src/main/AndroidManifest.xml:46:13-35
	android:name
		ADDED from src/main/AndroidManifest.xml:45:13-72
service#org.eclipse.paho.android.service.MqttService
ADDED from src/main/AndroidManifest.xml:47:9-49:38
	android:enabled
		ADDED from src/main/AndroidManifest.xml:49:13-35
	android:name
		ADDED from src/main/AndroidManifest.xml:48:13-72
activity#com.example.ti.ble.sensortag.MainActivity
ADDED from src/main/AndroidManifest.xml:51:9-56:20
	android:screenOrientation
		ADDED from src/main/AndroidManifest.xml:55:13-49
	android:label
		ADDED from src/main/AndroidManifest.xml:54:13-45
	android:configChanges
		ADDED from src/main/AndroidManifest.xml:53:13-74
	android:name
		ADDED from src/main/AndroidManifest.xml:52:13-41
activity#com.example.ti.ble.sensortag.DeviceActivity
ADDED from src/main/AndroidManifest.xml:57:9-61:52
	android:screenOrientation
		ADDED from src/main/AndroidManifest.xml:61:13-49
	android:parentActivityName
		ADDED from src/main/AndroidManifest.xml:60:13-55
	android:configChanges
		ADDED from src/main/AndroidManifest.xml:59:13-74
	android:name
		ADDED from src/main/AndroidManifest.xml:58:13-43
activity#com.example.ti.ble.sensortag.FwUpdateActivity
ADDED from src/main/AndroidManifest.xml:62:9-66:52
	android:screenOrientation
		ADDED from src/main/AndroidManifest.xml:66:13-49
	android:parentActivityName
		ADDED from src/main/AndroidManifest.xml:65:13-57
	android:configChanges
		ADDED from src/main/AndroidManifest.xml:64:13-74
	android:name
		ADDED from src/main/AndroidManifest.xml:63:13-45
activity#com.example.ti.ble.sensortag.FwUpdateActivity_CC26xx
ADDED from src/main/AndroidManifest.xml:67:9-71:52
	android:screenOrientation
		ADDED from src/main/AndroidManifest.xml:71:13-49
	android:parentActivityName
		ADDED from src/main/AndroidManifest.xml:70:13-57
	android:configChanges
		ADDED from src/main/AndroidManifest.xml:69:13-74
	android:name
		ADDED from src/main/AndroidManifest.xml:68:13-52
activity#com.example.ti.ble.sensortag.FileActivity
ADDED from src/main/AndroidManifest.xml:72:9-76:52
	android:screenOrientation
		ADDED from src/main/AndroidManifest.xml:76:13-49
	android:parentActivityName
		ADDED from src/main/AndroidManifest.xml:75:13-59
	android:configChanges
		ADDED from src/main/AndroidManifest.xml:74:13-74
	android:name
		ADDED from src/main/AndroidManifest.xml:73:13-41
activity#com.example.ti.ble.sensortag.PreferencesActivity
ADDED from src/main/AndroidManifest.xml:77:9-82:52
	android:screenOrientation
		ADDED from src/main/AndroidManifest.xml:82:13-49
	android:parentActivityName
		ADDED from src/main/AndroidManifest.xml:81:13-57
	android:label
		ADDED from src/main/AndroidManifest.xml:80:13-42
	android:configChanges
		ADDED from src/main/AndroidManifest.xml:79:13-74
	android:name
		ADDED from src/main/AndroidManifest.xml:78:13-48
activity#com.example.ti.ble.sensortag.fwSelectorView
ADDED from src/main/AndroidManifest.xml:83:9-87:52
	android:screenOrientation
		ADDED from src/main/AndroidManifest.xml:87:13-49
	android:parentActivityName
		ADDED from src/main/AndroidManifest.xml:86:13-66
	android:configChanges
		ADDED from src/main/AndroidManifest.xml:85:13-74
	android:name
		ADDED from src/main/AndroidManifest.xml:84:13-43
uses-sdk
INJECTED from src/main/AndroidManifest.xml reason: use-sdk injection requested
INJECTED from src/main/AndroidManifest.xml
INJECTED from src/main/AndroidManifest.xml
MERGED from [com.android.support:support-v4:27.1.1] AndroidManifest.xml:20:5-44
MERGED from [com.android.support:support-v4:27.1.1] AndroidManifest.xml:20:5-44
MERGED from [com.android.support:support-media-compat:27.1.1] AndroidManifest.xml:20:5-44
MERGED from [com.android.support:support-media-compat:27.1.1] AndroidManifest.xml:20:5-44
MERGED from [com.android.support:support-fragment:27.1.1] AndroidManifest.xml:20:5-44
MERGED from [com.android.support:support-fragment:27.1.1] AndroidManifest.xml:20:5-44
MERGED from [com.android.support:support-core-ui:27.1.1] AndroidManifest.xml:20:5-44
MERGED from [com.android.support:support-core-ui:27.1.1] AndroidManifest.xml:20:5-44
MERGED from [com.android.support:support-core-utils:27.1.1] AndroidManifest.xml:20:5-44
MERGED from [com.android.support:support-core-utils:27.1.1] AndroidManifest.xml:20:5-44
MERGED from [com.android.support:support-compat:27.1.1] AndroidManifest.xml:20:5-44
MERGED from [com.android.support:support-compat:27.1.1] AndroidManifest.xml:20:5-44
MERGED from [android.arch.lifecycle:runtime:1.1.0] AndroidManifest.xml:20:5-44
MERGED from [android.arch.lifecycle:runtime:1.1.0] AndroidManifest.xml:20:5-44
MERGED from [android.arch.lifecycle:livedata-core:1.1.0] AndroidManifest.xml:20:5-44
MERGED from [android.arch.lifecycle:livedata-core:1.1.0] AndroidManifest.xml:20:5-44
MERGED from [android.arch.lifecycle:viewmodel:1.1.0] AndroidManifest.xml:20:5-44
MERGED from [android.arch.lifecycle:viewmodel:1.1.0] AndroidManifest.xml:20:5-44
MERGED from [android.arch.core:runtime:1.1.0] AndroidManifest.xml:20:5-44
MERGED from [android.arch.core:runtime:1.1.0] AndroidManifest.xml:20:5-44
INJECTED from src/main/AndroidManifest.xml
INJECTED from src/main/AndroidManifest.xml
	android:targetSdkVersion
		INJECTED from src/main/AndroidManifest.xml
		ADDED from src/main/AndroidManifest.xml
		INJECTED from src/main/AndroidManifest.xml
	android:minSdkVersion
		INJECTED from src/main/AndroidManifest.xml
		ADDED from src/main/AndroidManifest.xml
		INJECTED from src/main/AndroidManifest.xml